2023-03-04 22:40:59,487 INFO org.apache.hadoop.hdfs.server.namenode.SecondaryNameNode: STARTUP_MSG: 
/************************************************************
STARTUP_MSG: Starting SecondaryNameNode
STARTUP_MSG:   host = c240g5-110209.wisc.cloudlab.us/128.105.144.63
STARTUP_MSG:   args = []
STARTUP_MSG:   version = 2.7.6
STARTUP_MSG:   classpath = /users/sonjoyp/hadoop-2.7.6/etc/hadoop:/users/sonjoyp/hadoop-2.7.6/share/hadoop/common/lib/jackson-xc-1.9.13.jar:/users/sonjoyp/hadoop-2.7.6/share/hadoop/common/lib/commons-beanutils-core-1.8.0.jar:/users/sonjoyp/hadoop-2.7.6/share/hadoop/common/lib/commons-compress-1.4.1.jar:/users/sonjoyp/hadoop-2.7.6/share/hadoop/common/lib/jackson-mapper-asl-1.9.13.jar:/users/sonjoyp/hadoop-2.7.6/share/hadoop/common/lib/log4j-1.2.17.jar:/users/sonjoyp/hadoop-2.7.6/share/hadoop/common/lib/asm-3.2.jar:/users/sonjoyp/hadoop-2.7.6/share/hadoop/common/lib/jsr305-3.0.0.jar:/users/sonjoyp/hadoop-2.7.6/share/hadoop/common/lib/curator-client-2.7.1.jar:/users/sonjoyp/hadoop-2.7.6/share/hadoop/common/lib/commons-codec-1.4.jar:/users/sonjoyp/hadoop-2.7.6/share/hadoop/common/lib/jetty-6.1.26.jar:/users/sonjoyp/hadoop-2.7.6/share/hadoop/common/lib/curator-framework-2.7.1.jar:/users/sonjoyp/hadoop-2.7.6/share/hadoop/common/lib/jersey-server-1.9.jar:/users/sonjoyp/hadoop-2.7.6/share/hadoop/common/lib/jaxb-api-2.2.2.jar:/users/sonjoyp/hadoop-2.7.6/share/hadoop/common/lib/zookeeper-3.4.6.jar:/users/sonjoyp/hadoop-2.7.6/share/hadoop/common/lib/commons-httpclient-3.1.jar:/users/sonjoyp/hadoop-2.7.6/share/hadoop/common/lib/commons-cli-1.2.jar:/users/sonjoyp/hadoop-2.7.6/share/hadoop/common/lib/jackson-core-asl-1.9.13.jar:/users/sonjoyp/hadoop-2.7.6/share/hadoop/common/lib/mockito-all-1.8.5.jar:/users/sonjoyp/hadoop-2.7.6/share/hadoop/common/lib/xmlenc-0.52.jar:/users/sonjoyp/hadoop-2.7.6/share/hadoop/common/lib/httpcore-4.2.5.jar:/users/sonjoyp/hadoop-2.7.6/share/hadoop/common/lib/jettison-1.1.jar:/users/sonjoyp/hadoop-2.7.6/share/hadoop/common/lib/jsch-0.1.54.jar:/users/sonjoyp/hadoop-2.7.6/share/hadoop/common/lib/slf4j-log4j12-1.7.10.jar:/users/sonjoyp/hadoop-2.7.6/share/hadoop/common/lib/protobuf-java-2.5.0.jar:/users/sonjoyp/hadoop-2.7.6/share/hadoop/common/lib/jetty-sslengine-6.1.26.jar:/users/sonjoyp/hadoop-2.7.6/share/hadoop/common/lib/hadoop-auth-2.7.6.jar:/users/sonjoyp/hadoop-2.7.6/share/hadoop/common/lib/jersey-json-1.9.jar:/users/sonjoyp/hadoop-2.7.6/share/hadoop/common/lib/servlet-api-2.5.jar:/users/sonjoyp/hadoop-2.7.6/share/hadoop/common/lib/netty-3.6.2.Final.jar:/users/sonjoyp/hadoop-2.7.6/share/hadoop/common/lib/curator-recipes-2.7.1.jar:/users/sonjoyp/hadoop-2.7.6/share/hadoop/common/lib/avro-1.7.4.jar:/users/sonjoyp/hadoop-2.7.6/share/hadoop/common/lib/htrace-core-3.1.0-incubating.jar:/users/sonjoyp/hadoop-2.7.6/share/hadoop/common/lib/commons-lang-2.6.jar:/users/sonjoyp/hadoop-2.7.6/share/hadoop/common/lib/java-xmlbuilder-0.4.jar:/users/sonjoyp/hadoop-2.7.6/share/hadoop/common/lib/jets3t-0.9.0.jar:/users/sonjoyp/hadoop-2.7.6/share/hadoop/common/lib/jackson-jaxrs-1.9.13.jar:/users/sonjoyp/hadoop-2.7.6/share/hadoop/common/lib/slf4j-api-1.7.10.jar:/users/sonjoyp/hadoop-2.7.6/share/hadoop/common/lib/hamcrest-core-1.3.jar:/users/sonjoyp/hadoop-2.7.6/share/hadoop/common/lib/commons-digester-1.8.jar:/users/sonjoyp/hadoop-2.7.6/share/hadoop/common/lib/jsp-api-2.1.jar:/users/sonjoyp/hadoop-2.7.6/share/hadoop/common/lib/jersey-core-1.9.jar:/users/sonjoyp/hadoop-2.7.6/share/hadoop/common/lib/commons-configuration-1.6.jar:/users/sonjoyp/hadoop-2.7.6/share/hadoop/common/lib/commons-collections-3.2.2.jar:/users/sonjoyp/hadoop-2.7.6/share/hadoop/common/lib/xz-1.0.jar:/users/sonjoyp/hadoop-2.7.6/share/hadoop/common/lib/apacheds-i18n-2.0.0-M15.jar:/users/sonjoyp/hadoop-2.7.6/share/hadoop/common/lib/hadoop-annotations-2.7.6.jar:/users/sonjoyp/hadoop-2.7.6/share/hadoop/common/lib/gson-2.2.4.jar:/users/sonjoyp/hadoop-2.7.6/share/hadoop/common/lib/snappy-java-1.0.4.1.jar:/users/sonjoyp/hadoop-2.7.6/share/hadoop/common/lib/stax-api-1.0-2.jar:/users/sonjoyp/hadoop-2.7.6/share/hadoop/common/lib/commons-net-3.1.jar:/users/sonjoyp/hadoop-2.7.6/share/hadoop/common/lib/jetty-util-6.1.26.jar:/users/sonjoyp/hadoop-2.7.6/share/hadoop/common/lib/commons-beanutils-1.7.0.jar:/users/sonjoyp/hadoop-2.7.6/share/hadoop/common/lib/api-util-1.0.0-M20.jar:/users/sonjoyp/hadoop-2.7.6/share/hadoop/common/lib/httpclient-4.2.5.jar:/users/sonjoyp/hadoop-2.7.6/share/hadoop/common/lib/apacheds-kerberos-codec-2.0.0-M15.jar:/users/sonjoyp/hadoop-2.7.6/share/hadoop/common/lib/guava-11.0.2.jar:/users/sonjoyp/hadoop-2.7.6/share/hadoop/common/lib/activation-1.1.jar:/users/sonjoyp/hadoop-2.7.6/share/hadoop/common/lib/jaxb-impl-2.2.3-1.jar:/users/sonjoyp/hadoop-2.7.6/share/hadoop/common/lib/commons-logging-1.1.3.jar:/users/sonjoyp/hadoop-2.7.6/share/hadoop/common/lib/junit-4.11.jar:/users/sonjoyp/hadoop-2.7.6/share/hadoop/common/lib/paranamer-2.3.jar:/users/sonjoyp/hadoop-2.7.6/share/hadoop/common/lib/commons-math3-3.1.1.jar:/users/sonjoyp/hadoop-2.7.6/share/hadoop/common/lib/api-asn1-api-1.0.0-M20.jar:/users/sonjoyp/hadoop-2.7.6/share/hadoop/common/lib/commons-io-2.4.jar:/users/sonjoyp/hadoop-2.7.6/share/hadoop/common/hadoop-common-2.7.6.jar:/users/sonjoyp/hadoop-2.7.6/share/hadoop/common/hadoop-common-2.7.6-tests.jar:/users/sonjoyp/hadoop-2.7.6/share/hadoop/common/hadoop-nfs-2.7.6.jar:/users/sonjoyp/hadoop-2.7.6/share/hadoop/hdfs:/users/sonjoyp/hadoop-2.7.6/share/hadoop/hdfs/lib/jackson-mapper-asl-1.9.13.jar:/users/sonjoyp/hadoop-2.7.6/share/hadoop/hdfs/lib/log4j-1.2.17.jar:/users/sonjoyp/hadoop-2.7.6/share/hadoop/hdfs/lib/asm-3.2.jar:/users/sonjoyp/hadoop-2.7.6/share/hadoop/hdfs/lib/leveldbjni-all-1.8.jar:/users/sonjoyp/hadoop-2.7.6/share/hadoop/hdfs/lib/jsr305-3.0.0.jar:/users/sonjoyp/hadoop-2.7.6/share/hadoop/hdfs/lib/commons-codec-1.4.jar:/users/sonjoyp/hadoop-2.7.6/share/hadoop/hdfs/lib/jetty-6.1.26.jar:/users/sonjoyp/hadoop-2.7.6/share/hadoop/hdfs/lib/jersey-server-1.9.jar:/users/sonjoyp/hadoop-2.7.6/share/hadoop/hdfs/lib/commons-cli-1.2.jar:/users/sonjoyp/hadoop-2.7.6/share/hadoop/hdfs/lib/jackson-core-asl-1.9.13.jar:/users/sonjoyp/hadoop-2.7.6/share/hadoop/hdfs/lib/netty-all-4.0.23.Final.jar:/users/sonjoyp/hadoop-2.7.6/share/hadoop/hdfs/lib/commons-daemon-1.0.13.jar:/users/sonjoyp/hadoop-2.7.6/share/hadoop/hdfs/lib/xmlenc-0.52.jar:/users/sonjoyp/hadoop-2.7.6/share/hadoop/hdfs/lib/protobuf-java-2.5.0.jar:/users/sonjoyp/hadoop-2.7.6/share/hadoop/hdfs/lib/servlet-api-2.5.jar:/users/sonjoyp/hadoop-2.7.6/share/hadoop/hdfs/lib/netty-3.6.2.Final.jar:/users/sonjoyp/hadoop-2.7.6/share/hadoop/hdfs/lib/xercesImpl-2.9.1.jar:/users/sonjoyp/hadoop-2.7.6/share/hadoop/hdfs/lib/htrace-core-3.1.0-incubating.jar:/users/sonjoyp/hadoop-2.7.6/share/hadoop/hdfs/lib/commons-lang-2.6.jar:/users/sonjoyp/hadoop-2.7.6/share/hadoop/hdfs/lib/jersey-core-1.9.jar:/users/sonjoyp/hadoop-2.7.6/share/hadoop/hdfs/lib/jetty-util-6.1.26.jar:/users/sonjoyp/hadoop-2.7.6/share/hadoop/hdfs/lib/guava-11.0.2.jar:/users/sonjoyp/hadoop-2.7.6/share/hadoop/hdfs/lib/commons-logging-1.1.3.jar:/users/sonjoyp/hadoop-2.7.6/share/hadoop/hdfs/lib/commons-io-2.4.jar:/users/sonjoyp/hadoop-2.7.6/share/hadoop/hdfs/lib/xml-apis-1.3.04.jar:/users/sonjoyp/hadoop-2.7.6/share/hadoop/hdfs/hadoop-hdfs-2.7.6-tests.jar:/users/sonjoyp/hadoop-2.7.6/share/hadoop/hdfs/hadoop-hdfs-nfs-2.7.6.jar:/users/sonjoyp/hadoop-2.7.6/share/hadoop/hdfs/hadoop-hdfs-2.7.6.jar:/users/sonjoyp/hadoop-2.7.6/share/hadoop/yarn/lib/jackson-xc-1.9.13.jar:/users/sonjoyp/hadoop-2.7.6/share/hadoop/yarn/lib/commons-compress-1.4.1.jar:/users/sonjoyp/hadoop-2.7.6/share/hadoop/yarn/lib/jackson-mapper-asl-1.9.13.jar:/users/sonjoyp/hadoop-2.7.6/share/hadoop/yarn/lib/zookeeper-3.4.6-tests.jar:/users/sonjoyp/hadoop-2.7.6/share/hadoop/yarn/lib/log4j-1.2.17.jar:/users/sonjoyp/hadoop-2.7.6/share/hadoop/yarn/lib/asm-3.2.jar:/users/sonjoyp/hadoop-2.7.6/share/hadoop/yarn/lib/jersey-guice-1.9.jar:/users/sonjoyp/hadoop-2.7.6/share/hadoop/yarn/lib/leveldbjni-all-1.8.jar:/users/sonjoyp/hadoop-2.7.6/share/hadoop/yarn/lib/jsr305-3.0.0.jar:/users/sonjoyp/hadoop-2.7.6/share/hadoop/yarn/lib/commons-codec-1.4.jar:/users/sonjoyp/hadoop-2.7.6/share/hadoop/yarn/lib/jetty-6.1.26.jar:/users/sonjoyp/hadoop-2.7.6/share/hadoop/yarn/lib/jersey-server-1.9.jar:/users/sonjoyp/hadoop-2.7.6/share/hadoop/yarn/lib/jaxb-api-2.2.2.jar:/users/sonjoyp/hadoop-2.7.6/share/hadoop/yarn/lib/jersey-client-1.9.jar:/users/sonjoyp/hadoop-2.7.6/share/hadoop/yarn/lib/zookeeper-3.4.6.jar:/users/sonjoyp/hadoop-2.7.6/share/hadoop/yarn/lib/commons-cli-1.2.jar:/users/sonjoyp/hadoop-2.7.6/share/hadoop/yarn/lib/jackson-core-asl-1.9.13.jar:/users/sonjoyp/hadoop-2.7.6/share/hadoop/yarn/lib/guice-3.0.jar:/users/sonjoyp/hadoop-2.7.6/share/hadoop/yarn/lib/jettison-1.1.jar:/users/sonjoyp/hadoop-2.7.6/share/hadoop/yarn/lib/protobuf-java-2.5.0.jar:/users/sonjoyp/hadoop-2.7.6/share/hadoop/yarn/lib/jersey-json-1.9.jar:/users/sonjoyp/hadoop-2.7.6/share/hadoop/yarn/lib/servlet-api-2.5.jar:/users/sonjoyp/hadoop-2.7.6/share/hadoop/yarn/lib/netty-3.6.2.Final.jar:/users/sonjoyp/hadoop-2.7.6/share/hadoop/yarn/lib/commons-lang-2.6.jar:/users/sonjoyp/hadoop-2.7.6/share/hadoop/yarn/lib/jackson-jaxrs-1.9.13.jar:/users/sonjoyp/hadoop-2.7.6/share/hadoop/yarn/lib/jersey-core-1.9.jar:/users/sonjoyp/hadoop-2.7.6/share/hadoop/yarn/lib/guice-servlet-3.0.jar:/users/sonjoyp/hadoop-2.7.6/share/hadoop/yarn/lib/commons-collections-3.2.2.jar:/users/sonjoyp/hadoop-2.7.6/share/hadoop/yarn/lib/xz-1.0.jar:/users/sonjoyp/hadoop-2.7.6/share/hadoop/yarn/lib/aopalliance-1.0.jar:/users/sonjoyp/hadoop-2.7.6/share/hadoop/yarn/lib/javax.inject-1.jar:/users/sonjoyp/hadoop-2.7.6/share/hadoop/yarn/lib/stax-api-1.0-2.jar:/users/sonjoyp/hadoop-2.7.6/share/hadoop/yarn/lib/jetty-util-6.1.26.jar:/users/sonjoyp/hadoop-2.7.6/share/hadoop/yarn/lib/guava-11.0.2.jar:/users/sonjoyp/hadoop-2.7.6/share/hadoop/yarn/lib/activation-1.1.jar:/users/sonjoyp/hadoop-2.7.6/share/hadoop/yarn/lib/jaxb-impl-2.2.3-1.jar:/users/sonjoyp/hadoop-2.7.6/share/hadoop/yarn/lib/commons-logging-1.1.3.jar:/users/sonjoyp/hadoop-2.7.6/share/hadoop/yarn/lib/commons-io-2.4.jar:/users/sonjoyp/hadoop-2.7.6/share/hadoop/yarn/hadoop-yarn-applications-unmanaged-am-launcher-2.7.6.jar:/users/sonjoyp/hadoop-2.7.6/share/hadoop/yarn/hadoop-yarn-server-resourcemanager-2.7.6.jar:/users/sonjoyp/hadoop-2.7.6/share/hadoop/yarn/hadoop-yarn-server-web-proxy-2.7.6.jar:/users/sonjoyp/hadoop-2.7.6/share/hadoop/yarn/hadoop-yarn-server-common-2.7.6.jar:/users/sonjoyp/hadoop-2.7.6/share/hadoop/yarn/hadoop-yarn-applications-distributedshell-2.7.6.jar:/users/sonjoyp/hadoop-2.7.6/share/hadoop/yarn/hadoop-yarn-registry-2.7.6.jar:/users/sonjoyp/hadoop-2.7.6/share/hadoop/yarn/hadoop-yarn-server-tests-2.7.6.jar:/users/sonjoyp/hadoop-2.7.6/share/hadoop/yarn/hadoop-yarn-server-sharedcachemanager-2.7.6.jar:/users/sonjoyp/hadoop-2.7.6/share/hadoop/yarn/hadoop-yarn-client-2.7.6.jar:/users/sonjoyp/hadoop-2.7.6/share/hadoop/yarn/hadoop-yarn-server-nodemanager-2.7.6.jar:/users/sonjoyp/hadoop-2.7.6/share/hadoop/yarn/hadoop-yarn-api-2.7.6.jar:/users/sonjoyp/hadoop-2.7.6/share/hadoop/yarn/hadoop-yarn-server-applicationhistoryservice-2.7.6.jar:/users/sonjoyp/hadoop-2.7.6/share/hadoop/yarn/hadoop-yarn-common-2.7.6.jar:/users/sonjoyp/hadoop-2.7.6/share/hadoop/mapreduce/lib/commons-compress-1.4.1.jar:/users/sonjoyp/hadoop-2.7.6/share/hadoop/mapreduce/lib/jackson-mapper-asl-1.9.13.jar:/users/sonjoyp/hadoop-2.7.6/share/hadoop/mapreduce/lib/log4j-1.2.17.jar:/users/sonjoyp/hadoop-2.7.6/share/hadoop/mapreduce/lib/asm-3.2.jar:/users/sonjoyp/hadoop-2.7.6/share/hadoop/mapreduce/lib/jersey-guice-1.9.jar:/users/sonjoyp/hadoop-2.7.6/share/hadoop/mapreduce/lib/leveldbjni-all-1.8.jar:/users/sonjoyp/hadoop-2.7.6/share/hadoop/mapreduce/lib/jersey-server-1.9.jar:/users/sonjoyp/hadoop-2.7.6/share/hadoop/mapreduce/lib/jackson-core-asl-1.9.13.jar:/users/sonjoyp/hadoop-2.7.6/share/hadoop/mapreduce/lib/guice-3.0.jar:/users/sonjoyp/hadoop-2.7.6/share/hadoop/mapreduce/lib/protobuf-java-2.5.0.jar:/users/sonjoyp/hadoop-2.7.6/share/hadoop/mapreduce/lib/netty-3.6.2.Final.jar:/users/sonjoyp/hadoop-2.7.6/share/hadoop/mapreduce/lib/avro-1.7.4.jar:/users/sonjoyp/hadoop-2.7.6/share/hadoop/mapreduce/lib/hamcrest-core-1.3.jar:/users/sonjoyp/hadoop-2.7.6/share/hadoop/mapreduce/lib/jersey-core-1.9.jar:/users/sonjoyp/hadoop-2.7.6/share/hadoop/mapreduce/lib/guice-servlet-3.0.jar:/users/sonjoyp/hadoop-2.7.6/share/hadoop/mapreduce/lib/xz-1.0.jar:/users/sonjoyp/hadoop-2.7.6/share/hadoop/mapreduce/lib/aopalliance-1.0.jar:/users/sonjoyp/hadoop-2.7.6/share/hadoop/mapreduce/lib/hadoop-annotations-2.7.6.jar:/users/sonjoyp/hadoop-2.7.6/share/hadoop/mapreduce/lib/javax.inject-1.jar:/users/sonjoyp/hadoop-2.7.6/share/hadoop/mapreduce/lib/snappy-java-1.0.4.1.jar:/users/sonjoyp/hadoop-2.7.6/share/hadoop/mapreduce/lib/junit-4.11.jar:/users/sonjoyp/hadoop-2.7.6/share/hadoop/mapreduce/lib/paranamer-2.3.jar:/users/sonjoyp/hadoop-2.7.6/share/hadoop/mapreduce/lib/commons-io-2.4.jar:/users/sonjoyp/hadoop-2.7.6/share/hadoop/mapreduce/hadoop-mapreduce-client-hs-plugins-2.7.6.jar:/users/sonjoyp/hadoop-2.7.6/share/hadoop/mapreduce/hadoop-mapreduce-client-app-2.7.6.jar:/users/sonjoyp/hadoop-2.7.6/share/hadoop/mapreduce/hadoop-mapreduce-client-hs-2.7.6.jar:/users/sonjoyp/hadoop-2.7.6/share/hadoop/mapreduce/hadoop-mapreduce-client-jobclient-2.7.6-tests.jar:/users/sonjoyp/hadoop-2.7.6/share/hadoop/mapreduce/hadoop-mapreduce-client-common-2.7.6.jar:/users/sonjoyp/hadoop-2.7.6/share/hadoop/mapreduce/hadoop-mapreduce-client-core-2.7.6.jar:/users/sonjoyp/hadoop-2.7.6/share/hadoop/mapreduce/hadoop-mapreduce-examples-2.7.6.jar:/users/sonjoyp/hadoop-2.7.6/share/hadoop/mapreduce/hadoop-mapreduce-client-jobclient-2.7.6.jar:/users/sonjoyp/hadoop-2.7.6/share/hadoop/mapreduce/hadoop-mapreduce-client-shuffle-2.7.6.jar:/contrib/capacity-scheduler/*.jar:/contrib/capacity-scheduler/*.jar:/contrib/capacity-scheduler/*.jar
STARTUP_MSG:   build = https://shv@git-wip-us.apache.org/repos/asf/hadoop.git -r 085099c66cf28be31604560c376fa282e69282b8; compiled by 'kshvachk' on 2018-04-18T01:33Z
STARTUP_MSG:   java = 1.8.0_362
************************************************************/
2023-03-04 22:40:59,501 INFO org.apache.hadoop.hdfs.server.namenode.SecondaryNameNode: registered UNIX signal handlers for [TERM, HUP, INT]
2023-03-04 22:40:59,879 INFO org.apache.hadoop.metrics2.impl.MetricsConfig: loaded properties from hadoop-metrics2.properties
2023-03-04 22:40:59,946 INFO org.apache.hadoop.metrics2.impl.MetricsSystemImpl: Scheduled snapshot period at 10 second(s).
2023-03-04 22:40:59,946 INFO org.apache.hadoop.metrics2.impl.MetricsSystemImpl: SecondaryNameNode metrics system started
2023-03-04 22:41:00,094 INFO org.apache.hadoop.hdfs.server.common.Storage: Lock on /users/sonjoyp/hadoop_tmp/dfs/namesecondary/in_use.lock acquired by nodename 6472@c240g5-110209.wisc.cloudlab.us
2023-03-04 22:41:00,100 INFO org.apache.hadoop.hdfs.server.namenode.FSNamesystem: No KeyProvider found.
2023-03-04 22:41:00,101 INFO org.apache.hadoop.hdfs.server.namenode.FSNamesystem: fsLock is fair: true
2023-03-04 22:41:00,102 INFO org.apache.hadoop.hdfs.server.namenode.FSNamesystem: Detailed lock hold time metrics enabled: false
2023-03-04 22:41:00,135 INFO org.apache.hadoop.hdfs.server.blockmanagement.DatanodeManager: dfs.block.invalidate.limit=1000
2023-03-04 22:41:00,135 INFO org.apache.hadoop.hdfs.server.blockmanagement.DatanodeManager: dfs.namenode.datanode.registration.ip-hostname-check=true
2023-03-04 22:41:00,136 INFO org.apache.hadoop.hdfs.server.blockmanagement.BlockManager: dfs.namenode.startup.delay.block.deletion.sec is set to 000:00:00:00.000
2023-03-04 22:41:00,138 INFO org.apache.hadoop.hdfs.server.blockmanagement.BlockManager: The block deletion will start around 2023 Mar 04 22:41:00
2023-03-04 22:41:00,139 INFO org.apache.hadoop.util.GSet: Computing capacity for map BlocksMap
2023-03-04 22:41:00,139 INFO org.apache.hadoop.util.GSet: VM type       = 64-bit
2023-03-04 22:41:00,140 INFO org.apache.hadoop.util.GSet: 2.0% max memory 958.5 MB = 19.2 MB
2023-03-04 22:41:00,140 INFO org.apache.hadoop.util.GSet: capacity      = 2^21 = 2097152 entries
2023-03-04 22:41:00,154 INFO org.apache.hadoop.hdfs.server.blockmanagement.BlockManager: dfs.block.access.token.enable=false
2023-03-04 22:41:00,154 INFO org.apache.hadoop.hdfs.server.blockmanagement.BlockManager: defaultReplication         = 3
2023-03-04 22:41:00,154 INFO org.apache.hadoop.hdfs.server.blockmanagement.BlockManager: maxReplication             = 512
2023-03-04 22:41:00,154 INFO org.apache.hadoop.hdfs.server.blockmanagement.BlockManager: minReplication             = 1
2023-03-04 22:41:00,154 INFO org.apache.hadoop.hdfs.server.blockmanagement.BlockManager: maxReplicationStreams      = 2
2023-03-04 22:41:00,154 INFO org.apache.hadoop.hdfs.server.blockmanagement.BlockManager: replicationRecheckInterval = 3000
2023-03-04 22:41:00,154 INFO org.apache.hadoop.hdfs.server.blockmanagement.BlockManager: encryptDataTransfer        = false
2023-03-04 22:41:00,154 INFO org.apache.hadoop.hdfs.server.blockmanagement.BlockManager: maxNumBlocksToLog          = 1000
2023-03-04 22:41:00,156 INFO org.apache.hadoop.hdfs.server.namenode.FSNamesystem: fsOwner             = sonjoyp (auth:SIMPLE)
2023-03-04 22:41:00,156 INFO org.apache.hadoop.hdfs.server.namenode.FSNamesystem: supergroup          = supergroup
2023-03-04 22:41:00,156 INFO org.apache.hadoop.hdfs.server.namenode.FSNamesystem: isPermissionEnabled = true
2023-03-04 22:41:00,156 INFO org.apache.hadoop.hdfs.server.namenode.FSNamesystem: HA Enabled: false
2023-03-04 22:41:00,159 INFO org.apache.hadoop.hdfs.server.namenode.FSNamesystem: Append Enabled: true
2023-03-04 22:41:00,207 INFO org.apache.hadoop.util.GSet: Computing capacity for map INodeMap
2023-03-04 22:41:00,207 INFO org.apache.hadoop.util.GSet: VM type       = 64-bit
2023-03-04 22:41:00,207 INFO org.apache.hadoop.util.GSet: 1.0% max memory 958.5 MB = 9.6 MB
2023-03-04 22:41:00,207 INFO org.apache.hadoop.util.GSet: capacity      = 2^20 = 1048576 entries
2023-03-04 22:41:00,210 INFO org.apache.hadoop.hdfs.server.namenode.FSDirectory: ACLs enabled? false
2023-03-04 22:41:00,210 INFO org.apache.hadoop.hdfs.server.namenode.FSDirectory: XAttrs enabled? true
2023-03-04 22:41:00,210 INFO org.apache.hadoop.hdfs.server.namenode.FSDirectory: Maximum size of an xattr: 16384
2023-03-04 22:41:00,210 INFO org.apache.hadoop.hdfs.server.namenode.NameNode: Caching file names occuring more than 10 times
2023-03-04 22:41:00,216 INFO org.apache.hadoop.util.GSet: Computing capacity for map cachedBlocks
2023-03-04 22:41:00,216 INFO org.apache.hadoop.util.GSet: VM type       = 64-bit
2023-03-04 22:41:00,216 INFO org.apache.hadoop.util.GSet: 0.25% max memory 958.5 MB = 2.4 MB
2023-03-04 22:41:00,216 INFO org.apache.hadoop.util.GSet: capacity      = 2^18 = 262144 entries
2023-03-04 22:41:00,218 INFO org.apache.hadoop.hdfs.server.namenode.FSNamesystem: dfs.namenode.safemode.threshold-pct = 0.9990000128746033
2023-03-04 22:41:00,218 INFO org.apache.hadoop.hdfs.server.namenode.FSNamesystem: dfs.namenode.safemode.min.datanodes = 0
2023-03-04 22:41:00,218 INFO org.apache.hadoop.hdfs.server.namenode.FSNamesystem: dfs.namenode.safemode.extension     = 30000
2023-03-04 22:41:00,221 INFO org.apache.hadoop.hdfs.server.namenode.top.metrics.TopMetrics: NNTop conf: dfs.namenode.top.window.num.buckets = 10
2023-03-04 22:41:00,221 INFO org.apache.hadoop.hdfs.server.namenode.top.metrics.TopMetrics: NNTop conf: dfs.namenode.top.num.users = 10
2023-03-04 22:41:00,221 INFO org.apache.hadoop.hdfs.server.namenode.top.metrics.TopMetrics: NNTop conf: dfs.namenode.top.windows.minutes = 1,5,25
2023-03-04 22:41:00,233 INFO org.apache.hadoop.hdfs.DFSUtil: Starting Web-server for secondary at: http://0.0.0.0:50090
2023-03-04 22:41:00,279 INFO org.mortbay.log: Logging to org.slf4j.impl.Log4jLoggerAdapter(org.mortbay.log) via org.mortbay.log.Slf4jLog
2023-03-04 22:41:00,286 INFO org.apache.hadoop.security.authentication.server.AuthenticationFilter: Unable to initialize FileSignerSecretProvider, falling back to use random secrets.
2023-03-04 22:41:00,291 INFO org.apache.hadoop.http.HttpRequestLog: Http request log for http.requests.secondary is not defined
2023-03-04 22:41:00,295 INFO org.apache.hadoop.http.HttpServer2: Added global filter 'safety' (class=org.apache.hadoop.http.HttpServer2$QuotingInputFilter)
2023-03-04 22:41:00,297 INFO org.apache.hadoop.http.HttpServer2: Added filter static_user_filter (class=org.apache.hadoop.http.lib.StaticUserWebFilter$StaticUserFilter) to context secondary
2023-03-04 22:41:00,297 INFO org.apache.hadoop.http.HttpServer2: Added filter static_user_filter (class=org.apache.hadoop.http.lib.StaticUserWebFilter$StaticUserFilter) to context static
2023-03-04 22:41:00,297 INFO org.apache.hadoop.http.HttpServer2: Added filter static_user_filter (class=org.apache.hadoop.http.lib.StaticUserWebFilter$StaticUserFilter) to context logs
2023-03-04 22:41:00,309 INFO org.apache.hadoop.http.HttpServer2: Jetty bound to port 50090
2023-03-04 22:41:00,309 INFO org.mortbay.log: jetty-6.1.26
2023-03-04 22:41:00,400 INFO org.mortbay.log: Started HttpServer2$SelectChannelConnectorWithSafeStartup@0.0.0.0:50090
2023-03-04 22:41:00,400 INFO org.apache.hadoop.hdfs.server.namenode.SecondaryNameNode: Web server init done
2023-03-04 22:41:00,401 INFO org.apache.hadoop.hdfs.server.namenode.SecondaryNameNode: Checkpoint Period   :3600 secs (60 min)
2023-03-04 22:41:00,401 INFO org.apache.hadoop.hdfs.server.namenode.SecondaryNameNode: Log Size Trigger    :1000000 txns
2023-03-04 22:42:00,626 INFO org.apache.hadoop.hdfs.server.namenode.SecondaryNameNode: Image has changed. Downloading updated image from NN.
2023-03-04 22:42:00,938 INFO org.apache.hadoop.hdfs.server.namenode.TransferFsImage: Opening connection to http://c240g5-110209.wisc.cloudlab.us:50070/imagetransfer?getimage=1&txid=0&storageInfo=-63:847620012:0:CID-ae81e315-299a-4bf6-b642-7e26b561afef
2023-03-04 22:42:00,973 INFO org.apache.hadoop.hdfs.server.namenode.TransferFsImage: Image Transfer timeout configured to 60000 milliseconds
2023-03-04 22:42:01,221 INFO org.apache.hadoop.hdfs.server.namenode.TransferFsImage: Transfer took 0.04s at 0.00 KB/s
2023-03-04 22:42:01,221 INFO org.apache.hadoop.hdfs.server.namenode.TransferFsImage: Downloaded file fsimage.ckpt_0000000000000000000 size 324 bytes.
2023-03-04 22:42:01,229 INFO org.apache.hadoop.hdfs.server.namenode.TransferFsImage: Opening connection to http://c240g5-110209.wisc.cloudlab.us:50070/imagetransfer?getedit=1&startTxId=1&endTxId=2&storageInfo=-63:847620012:0:CID-ae81e315-299a-4bf6-b642-7e26b561afef
2023-03-04 22:42:01,234 INFO org.apache.hadoop.hdfs.server.namenode.TransferFsImage: Transfer took 0.00s at 0.00 KB/s
2023-03-04 22:42:01,234 INFO org.apache.hadoop.hdfs.server.namenode.TransferFsImage: Downloaded file edits_tmp_0000000000000000001-0000000000000000002_0000000000009642867 size 0 bytes.
2023-03-04 22:42:01,267 INFO org.apache.hadoop.hdfs.server.namenode.FSImageFormatPBINode: Loading 1 INodes.
2023-03-04 22:42:01,288 INFO org.apache.hadoop.hdfs.server.namenode.FSImageFormatProtobuf: Loaded FSImage in 0 seconds.
2023-03-04 22:42:01,288 INFO org.apache.hadoop.hdfs.server.namenode.FSImage: Loaded image for txid 0 from /users/sonjoyp/hadoop_tmp/dfs/namesecondary/current/fsimage_0000000000000000000
2023-03-04 22:42:01,288 INFO org.apache.hadoop.hdfs.server.namenode.NameCache: initialized with 0 entries 0 lookups
2023-03-04 22:42:01,292 INFO org.apache.hadoop.hdfs.server.namenode.Checkpointer: Checkpointer about to load edits from 1 stream(s).
2023-03-04 22:42:01,295 INFO org.apache.hadoop.hdfs.server.namenode.FSImage: Reading /users/sonjoyp/hadoop_tmp/dfs/namesecondary/current/edits_0000000000000000001-0000000000000000002 expecting start txid #1
2023-03-04 22:42:01,295 INFO org.apache.hadoop.hdfs.server.namenode.FSImage: Start loading edits file /users/sonjoyp/hadoop_tmp/dfs/namesecondary/current/edits_0000000000000000001-0000000000000000002
2023-03-04 22:42:01,306 INFO org.apache.hadoop.hdfs.server.namenode.FSImage: Edits file /users/sonjoyp/hadoop_tmp/dfs/namesecondary/current/edits_0000000000000000001-0000000000000000002 of size 42 edits # 2 loaded in 0 seconds
2023-03-04 22:42:01,306 INFO org.apache.hadoop.hdfs.server.namenode.FSImage: Initializing quota with 4 thread(s)
2023-03-04 22:42:01,312 INFO org.apache.hadoop.hdfs.server.namenode.FSImage: Quota initialization completed in 5 milliseconds
name space=1
storage space=0
storage types=RAM_DISK=0, SSD=0, DISK=0, ARCHIVE=0
2023-03-04 22:42:01,319 INFO org.apache.hadoop.hdfs.server.namenode.FSImageFormatProtobuf: Saving image file /users/sonjoyp/hadoop_tmp/dfs/namesecondary/current/fsimage.ckpt_0000000000000000002 using no compression
2023-03-04 22:42:01,361 INFO org.apache.hadoop.hdfs.server.namenode.FSImageFormatProtobuf: Image file /users/sonjoyp/hadoop_tmp/dfs/namesecondary/current/fsimage.ckpt_0000000000000000002 of size 324 bytes saved in 0 seconds.
2023-03-04 22:42:01,364 INFO org.apache.hadoop.hdfs.server.namenode.FSImageTransactionalStorageInspector: No version file in /users/sonjoyp/hadoop_tmp/dfs/namesecondary
2023-03-04 22:42:01,408 INFO org.apache.hadoop.hdfs.server.namenode.TransferFsImage: Uploaded image with txid 2 to namenode at http://c240g5-110209.wisc.cloudlab.us:50070 in 0.034 seconds
2023-03-04 22:42:01,408 WARN org.apache.hadoop.hdfs.server.namenode.SecondaryNameNode: Checkpoint done. New Image Size: 324
2023-03-04 23:42:01,841 INFO org.apache.hadoop.hdfs.server.namenode.SecondaryNameNode: Image has not changed. Will not download image.
2023-03-04 23:42:01,842 INFO org.apache.hadoop.hdfs.server.namenode.TransferFsImage: Opening connection to http://c240g5-110209.wisc.cloudlab.us:50070/imagetransfer?getedit=1&startTxId=3&endTxId=4&storageInfo=-63:847620012:0:CID-ae81e315-299a-4bf6-b642-7e26b561afef
2023-03-04 23:42:01,851 INFO org.apache.hadoop.hdfs.server.namenode.TransferFsImage: Transfer took 0.00s at 0.00 KB/s
2023-03-04 23:42:01,852 INFO org.apache.hadoop.hdfs.server.namenode.TransferFsImage: Downloaded file edits_tmp_0000000000000000003-0000000000000000004_0000000000013243481 size 0 bytes.
2023-03-04 23:42:01,852 INFO org.apache.hadoop.hdfs.server.namenode.Checkpointer: Checkpointer about to load edits from 1 stream(s).
2023-03-04 23:42:01,853 INFO org.apache.hadoop.hdfs.server.namenode.FSImage: Reading /users/sonjoyp/hadoop_tmp/dfs/namesecondary/current/edits_0000000000000000003-0000000000000000004 expecting start txid #3
2023-03-04 23:42:01,854 INFO org.apache.hadoop.hdfs.server.namenode.FSImage: Start loading edits file /users/sonjoyp/hadoop_tmp/dfs/namesecondary/current/edits_0000000000000000003-0000000000000000004
2023-03-04 23:42:01,855 INFO org.apache.hadoop.hdfs.server.namenode.FSImage: Edits file /users/sonjoyp/hadoop_tmp/dfs/namesecondary/current/edits_0000000000000000003-0000000000000000004 of size 42 edits # 2 loaded in 0 seconds
2023-03-04 23:42:01,855 INFO org.apache.hadoop.hdfs.server.namenode.FSImage: Initializing quota with 4 thread(s)
2023-03-04 23:42:01,857 INFO org.apache.hadoop.hdfs.server.namenode.FSImage: Quota initialization completed in 2 milliseconds
name space=1
storage space=0
storage types=RAM_DISK=0, SSD=0, DISK=0, ARCHIVE=0
2023-03-04 23:42:01,858 INFO org.apache.hadoop.hdfs.server.namenode.FSImageFormatProtobuf: Saving image file /users/sonjoyp/hadoop_tmp/dfs/namesecondary/current/fsimage.ckpt_0000000000000000004 using no compression
2023-03-04 23:42:01,865 INFO org.apache.hadoop.hdfs.server.namenode.FSImageFormatProtobuf: Image file /users/sonjoyp/hadoop_tmp/dfs/namesecondary/current/fsimage.ckpt_0000000000000000004 of size 324 bytes saved in 0 seconds.
2023-03-04 23:42:01,881 INFO org.apache.hadoop.hdfs.server.namenode.NNStorageRetentionManager: Going to retain 2 images with txid >= 2
2023-03-04 23:42:01,881 INFO org.apache.hadoop.hdfs.server.namenode.NNStorageRetentionManager: Purging old image FSImageFile(file=/users/sonjoyp/hadoop_tmp/dfs/namesecondary/current/fsimage_0000000000000000000, cpktTxId=0000000000000000000)
2023-03-04 23:42:01,904 INFO org.apache.hadoop.hdfs.server.namenode.TransferFsImage: Uploaded image with txid 4 to namenode at http://c240g5-110209.wisc.cloudlab.us:50070 in 0.016 seconds
2023-03-04 23:42:01,905 WARN org.apache.hadoop.hdfs.server.namenode.SecondaryNameNode: Checkpoint done. New Image Size: 324
