Spark Command: /usr/lib/jvm/java-8-openjdk-amd64/jre/bin/java -cp /users/sonjoyp/spark-2.2.0-bin-hadoop2.7/conf/:/users/sonjoyp/spark-2.2.0-bin-hadoop2.7/jars/* -Xmx1g org.apache.spark.deploy.master.Master --host c240g5-110209.wisc.cloudlab.us --port 7077 --webui-port 8080
========================================
Using Spark's default log4j profile: org/apache/spark/log4j-defaults.properties
23/03/04 23:29:09 INFO Master: Started daemon with process name: 8006@node-0.sonjoyp-c-1-2.umich-d-cs-edu-pg0.wisc.cloudlab.us
23/03/04 23:29:09 INFO SignalUtils: Registered signal handler for TERM
23/03/04 23:29:09 INFO SignalUtils: Registered signal handler for HUP
23/03/04 23:29:09 INFO SignalUtils: Registered signal handler for INT
23/03/04 23:29:10 WARN NativeCodeLoader: Unable to load native-hadoop library for your platform... using builtin-java classes where applicable
23/03/04 23:29:10 INFO SecurityManager: Changing view acls to: sonjoyp
23/03/04 23:29:10 INFO SecurityManager: Changing modify acls to: sonjoyp
23/03/04 23:29:10 INFO SecurityManager: Changing view acls groups to: 
23/03/04 23:29:10 INFO SecurityManager: Changing modify acls groups to: 
23/03/04 23:29:10 INFO SecurityManager: SecurityManager: authentication disabled; ui acls disabled; users  with view permissions: Set(sonjoyp); groups with view permissions: Set(); users  with modify permissions: Set(sonjoyp); groups with modify permissions: Set()
23/03/04 23:29:10 INFO Utils: Successfully started service 'sparkMaster' on port 7077.
23/03/04 23:29:10 INFO Master: Starting Spark master at spark://c240g5-110209.wisc.cloudlab.us:7077
23/03/04 23:29:10 INFO Master: Running Spark version 2.2.0
23/03/04 23:29:10 INFO Utils: Successfully started service 'MasterUI' on port 8080.
23/03/04 23:29:10 INFO MasterWebUI: Bound MasterWebUI to 0.0.0.0, and started at http://128.105.144.63:8080
23/03/04 23:29:10 INFO Utils: Successfully started service on port 6066.
23/03/04 23:29:10 INFO StandaloneRestServer: Started REST server for submitting applications on port 6066
23/03/04 23:29:10 INFO Master: I have been elected leader! New state: ALIVE
23/03/04 23:29:14 INFO Master: Registering worker 128.105.144.63:33753 with 40 cores, 186.6 GB RAM
