Spark Command: /usr/lib/jvm/java-8-openjdk-amd64/jre/bin/java -cp /users/sonjoyp/spark-2.2.0-bin-hadoop2.7/conf/:/users/sonjoyp/spark-2.2.0-bin-hadoop2.7/jars/* -Xmx1g org.apache.spark.deploy.worker.Worker --webui-port 8081 spark://c240g5-110209.wisc.cloudlab.us:7077
========================================
Using Spark's default log4j profile: org/apache/spark/log4j-defaults.properties
23/03/04 23:29:12 INFO Worker: Started daemon with process name: 8272@node-0.sonjoyp-c-1-2.umich-d-cs-edu-pg0.wisc.cloudlab.us
23/03/04 23:29:12 INFO SignalUtils: Registered signal handler for TERM
23/03/04 23:29:12 INFO SignalUtils: Registered signal handler for HUP
23/03/04 23:29:12 INFO SignalUtils: Registered signal handler for INT
23/03/04 23:29:13 WARN NativeCodeLoader: Unable to load native-hadoop library for your platform... using builtin-java classes where applicable
23/03/04 23:29:13 INFO SecurityManager: Changing view acls to: sonjoyp
23/03/04 23:29:13 INFO SecurityManager: Changing modify acls to: sonjoyp
23/03/04 23:29:13 INFO SecurityManager: Changing view acls groups to: 
23/03/04 23:29:13 INFO SecurityManager: Changing modify acls groups to: 
23/03/04 23:29:13 INFO SecurityManager: SecurityManager: authentication disabled; ui acls disabled; users  with view permissions: Set(sonjoyp); groups with view permissions: Set(); users  with modify permissions: Set(sonjoyp); groups with modify permissions: Set()
23/03/04 23:29:13 INFO Utils: Successfully started service 'sparkWorker' on port 33753.
23/03/04 23:29:13 INFO Worker: Starting Spark worker 128.105.144.63:33753 with 40 cores, 186.6 GB RAM
23/03/04 23:29:13 INFO Worker: Running Spark version 2.2.0
23/03/04 23:29:13 INFO Worker: Spark home: /users/sonjoyp/spark-2.2.0-bin-hadoop2.7
23/03/04 23:29:13 INFO Utils: Successfully started service 'WorkerUI' on port 8081.
23/03/04 23:29:13 INFO WorkerWebUI: Bound WorkerWebUI to 0.0.0.0, and started at http://128.105.144.63:8081
23/03/04 23:29:13 INFO Worker: Connecting to master c240g5-110209.wisc.cloudlab.us:7077...
23/03/04 23:29:13 INFO TransportClientFactory: Successfully created connection to c240g5-110209.wisc.cloudlab.us/128.105.144.63:7077 after 41 ms (0 ms spent in bootstraps)
23/03/04 23:29:14 INFO Worker: Successfully registered with master spark://c240g5-110209.wisc.cloudlab.us:7077
